{
  "RSpec": {
    "coverage": {
      "/Users/nicopalenque/Desktop/RoR/training/wbooks-api/config/environment.rb": {
        "lines": [
          null,
          1,
          null,
          null,
          1
        ]
      },
      "/Users/nicopalenque/Desktop/RoR/training/wbooks-api/config/application.rb": {
        "lines": [
          1,
          1,
          null,
          null,
          1,
          1,
          1,
          null,
          null,
          1,
          1,
          null,
          1,
          1,
          1,
          1,
          1,
          1,
          1,
          1,
          null,
          null,
          null,
          null,
          null,
          1,
          null,
          null,
          null,
          null,
          null,
          null,
          null,
          null,
          null,
          null,
          null,
          null,
          null,
          null
        ]
      },
      "/Users/nicopalenque/Desktop/RoR/training/wbooks-api/config/boot.rb": {
        "lines": [
          1,
          null,
          1,
          1
        ]
      },
      "/Users/nicopalenque/Desktop/RoR/training/wbooks-api/config/spring.rb": {
        "lines": [
          1,
          null,
          null,
          null,
          null,
          null
        ]
      },
      "/Users/nicopalenque/Desktop/RoR/training/wbooks-api/config/environments/test.rb": {
        "lines": [
          1,
          null,
          null,
          null,
          null,
          null,
          null,
          1,
          null,
          null,
          1,
          1,
          null,
          null,
          null,
          1,
          null,
          null,
          1,
          1,
          null,
          null,
          null,
          null,
          1,
          1,
          1,
          null,
          null,
          1,
          null,
          null,
          1,
          null,
          null,
          1,
          null,
          1,
          null,
          null,
          null,
          null,
          1,
          null,
          null,
          1,
          null,
          null,
          1,
          null,
          null,
          1,
          null,
          null,
          null,
          null,
          null,
          null,
          null
        ]
      },
      "/Users/nicopalenque/Desktop/RoR/training/wbooks-api/config/initializers/application_controller_renderer.rb": {
        "lines": [
          null,
          null,
          null,
          null,
          null,
          null,
          null,
          null
        ]
      },
      "/Users/nicopalenque/Desktop/RoR/training/wbooks-api/config/initializers/assets.rb": {
        "lines": [
          null,
          null,
          null,
          1,
          null,
          null,
          null,
          null,
          1,
          null,
          null,
          null,
          null,
          null
        ]
      },
      "/Users/nicopalenque/Desktop/RoR/training/wbooks-api/config/initializers/backtrace_silencers.rb": {
        "lines": [
          null,
          null,
          null,
          null,
          null,
          null,
          null,
          1
        ]
      },
      "/Users/nicopalenque/Desktop/RoR/training/wbooks-api/config/initializers/content_security_policy.rb": {
        "lines": [
          null,
          null,
          null,
          null,
          null,
          null,
          null,
          null,
          null,
          null,
          null,
          null,
          null,
          null,
          null,
          null,
          null,
          null,
          null,
          null,
          null,
          null,
          null,
          null,
          null,
          null,
          null,
          null,
          null,
          null
        ]
      },
      "/Users/nicopalenque/Desktop/RoR/training/wbooks-api/config/initializers/cookies_serializer.rb": {
        "lines": [
          null,
          null,
          null,
          null,
          1
        ]
      },
      "/Users/nicopalenque/Desktop/RoR/training/wbooks-api/config/initializers/devise_token_auth.rb": {
        "lines": [
          null,
          null,
          1,
          null,
          null,
          null,
          null,
          null,
          null,
          null,
          null,
          null,
          null,
          null,
          null,
          null,
          1,
          null,
          null,
          null,
          null,
          null,
          null,
          null,
          null,
          null,
          null,
          null,
          null,
          null,
          null,
          null,
          null,
          null,
          null,
          null,
          null,
          null,
          null,
          null,
          null,
          null,
          null,
          null,
          null,
          null,
          null,
          null,
          null,
          null,
          null,
          null,
          null,
          null,
          null,
          null,
          null,
          null,
          null,
          null
        ]
      },
      "/Users/nicopalenque/Desktop/RoR/training/wbooks-api/config/initializers/filter_parameter_logging.rb": {
        "lines": [
          null,
          null,
          null,
          1,
          null,
          null
        ]
      },
      "/Users/nicopalenque/Desktop/RoR/training/wbooks-api/config/initializers/friendly_id.rb": {
        "lines": [
          null,
          null,
          null,
          null,
          null,
          null,
          null,
          null,
          null,
          null,
          null,
          1,
          null,
          null,
          null,
          null,
          1,
          null,
          1,
          null,
          null,
          null,
          null,
          null,
          null,
          null,
          null,
          null,
          null,
          null,
          null,
          null,
          null,
          null,
          null,
          null,
          null,
          null,
          null,
          null,
          null,
          null,
          null,
          null,
          null,
          null,
          null,
          null,
          null,
          null,
          null,
          null,
          null,
          null,
          null,
          null,
          null,
          null,
          null,
          null,
          null,
          null,
          null,
          null,
          null,
          null,
          null,
          null,
          null,
          null,
          null,
          null,
          null,
          null,
          null,
          null,
          null,
          null,
          null,
          null,
          null,
          null,
          null,
          null,
          null,
          null,
          null,
          null,
          null,
          null,
          null,
          null,
          null,
          null,
          null,
          null,
          null,
          null,
          null,
          null,
          null,
          null,
          null,
          null,
          null,
          null,
          null
        ]
      },
      "/Users/nicopalenque/Desktop/RoR/training/wbooks-api/config/initializers/inflections.rb": {
        "lines": [
          null,
          null,
          null,
          null,
          null,
          null,
          null,
          null,
          null,
          null,
          null,
          null,
          null,
          null,
          null,
          null
        ]
      },
      "/Users/nicopalenque/Desktop/RoR/training/wbooks-api/config/initializers/mime_types.rb": {
        "lines": [
          null,
          null,
          null,
          null
        ]
      },
      "/Users/nicopalenque/Desktop/RoR/training/wbooks-api/config/initializers/permissions_policy.rb": {
        "lines": [
          null,
          null,
          null,
          null,
          null,
          null,
          null,
          null,
          null,
          null,
          null
        ]
      },
      "/Users/nicopalenque/Desktop/RoR/training/wbooks-api/config/initializers/validates_timeliness.rb": {
        "lines": [
          1,
          null,
          1,
          null,
          null,
          null,
          null,
          null,
          null,
          null,
          null,
          null,
          null,
          null,
          null,
          null,
          null,
          null,
          null,
          null,
          null,
          null,
          null,
          null,
          null,
          null,
          null,
          null,
          null,
          null,
          null,
          null,
          null,
          null,
          null,
          null,
          null,
          null,
          null,
          null
        ]
      },
      "/Users/nicopalenque/Desktop/RoR/training/wbooks-api/config/initializers/wor_paginate.rb": {
        "lines": [
          1,
          1,
          null,
          null,
          1,
          1,
          null,
          null,
          null,
          null,
          null,
          null,
          1,
          null,
          null,
          null,
          null,
          null,
          null,
          null,
          null,
          null,
          null,
          null,
          null,
          null,
          null,
          null,
          null,
          null,
          null,
          null,
          null,
          null,
          null,
          null,
          null,
          null,
          null,
          null,
          null
        ]
      },
      "/Users/nicopalenque/Desktop/RoR/training/wbooks-api/config/initializers/wrap_parameters.rb": {
        "lines": [
          null,
          null,
          null,
          null,
          null,
          null,
          1,
          2,
          null,
          null,
          null,
          null,
          null,
          null
        ]
      },
      "/Users/nicopalenque/Desktop/RoR/training/wbooks-api/spec/factories/book.rb": {
        "lines": [
          1,
          1,
          1,
          0,
          null,
          1,
          23,
          23,
          23,
          23,
          23,
          23,
          null,
          null
        ]
      },
      "/Users/nicopalenque/Desktop/RoR/training/wbooks-api/spec/factories/book_suggestions.rb": {
        "lines": [
          1,
          1,
          12,
          12,
          12,
          12,
          12,
          12,
          12,
          null,
          null
        ]
      },
      "/Users/nicopalenque/Desktop/RoR/training/wbooks-api/spec/factories/user.rb": {
        "lines": [
          1,
          1,
          1,
          10,
          10,
          10,
          10,
          10,
          null,
          null
        ]
      },
      "/Users/nicopalenque/Desktop/RoR/training/wbooks-api/config/routes.rb": {
        "lines": [
          1,
          1,
          null,
          1,
          1,
          1,
          1,
          1,
          1,
          null,
          1,
          null,
          1,
          1,
          1,
          1,
          1,
          1,
          1,
          1,
          1,
          null,
          1,
          1,
          1,
          null,
          null,
          null,
          1,
          null
        ]
      },
      "/Users/nicopalenque/Desktop/RoR/training/wbooks-api/app/models/user.rb": {
        "lines": [
          1,
          1,
          1,
          null,
          1,
          1,
          1,
          null,
          1,
          null
        ]
      },
      "/Users/nicopalenque/Desktop/RoR/training/wbooks-api/app/models/application_record.rb": {
        "lines": [
          1,
          1,
          null
        ]
      },
      "/Users/nicopalenque/Desktop/RoR/training/wbooks-api/app/helpers/application_helper.rb": {
        "lines": [
          1,
          null
        ]
      },
      "/Users/nicopalenque/Desktop/RoR/training/wbooks-api/spec/support/auth_shared_context.rb": {
        "lines": [
          1,
          12,
          12,
          3,
          9,
          null,
          null,
          3,
          1,
          1,
          null,
          null
        ]
      },
      "/Users/nicopalenque/Desktop/RoR/training/wbooks-api/spec/support/book_parsed_response.rb": {
        "lines": [
          1,
          1,
          1,
          1,
          null,
          null,
          null
        ]
      },
      "/Users/nicopalenque/Desktop/RoR/training/wbooks-api/spec/support/dont_auth_shared_context.rb": {
        "lines": [
          1,
          null,
          1,
          1,
          1,
          1,
          null,
          null
        ]
      },
      "/Users/nicopalenque/Desktop/RoR/training/wbooks-api/spec/support/mocks_and_stubs/get_open_library_service.rb": {
        "lines": [
          1,
          1,
          1,
          1,
          null,
          null,
          null,
          null,
          null,
          null,
          null,
          1,
          1,
          1,
          1,
          null,
          null,
          null,
          null,
          null,
          null,
          null
        ]
      },
      "/Users/nicopalenque/Desktop/RoR/training/wbooks-api/spec/support/shared_context.rb": {
        "lines": [
          1,
          null,
          1,
          2,
          7,
          7,
          null,
          null,
          2,
          1,
          1,
          null,
          null,
          2,
          6,
          6,
          6,
          null,
          null
        ]
      },
      "/Users/nicopalenque/Desktop/RoR/training/wbooks-api/app/controllers/api/v1/book_controller.rb": {
        "lines": [
          1,
          1,
          1,
          1,
          3,
          3,
          null,
          null,
          1,
          6,
          3,
          null,
          3,
          null,
          null,
          null,
          1,
          null,
          1,
          6,
          null,
          null,
          1,
          3,
          null,
          null,
          1,
          3,
          null,
          null,
          null,
          null
        ]
      },
      "/Users/nicopalenque/Desktop/RoR/training/wbooks-api/app/controllers/api_controller.rb": {
        "lines": [
          1,
          1,
          1,
          1,
          9,
          null,
          null
        ]
      },
      "/Users/nicopalenque/Desktop/RoR/training/wbooks-api/app/controllers/application_controller.rb": {
        "lines": [
          1,
          1,
          1,
          1,
          1,
          1,
          null,
          1,
          0,
          null,
          null
        ]
      },
      "/Users/nicopalenque/Desktop/RoR/training/wbooks-api/spec/controller/book_suggestion_controller_spec.rb": {
        "lines": [
          1,
          1,
          1,
          7,
          5,
          1,
          1,
          null,
          1,
          null,
          2,
          null,
          null,
          null,
          null,
          null,
          null,
          null,
          null,
          null,
          1,
          1,
          1,
          2,
          null,
          1,
          1,
          1,
          null,
          null,
          null,
          1,
          1,
          null,
          null,
          1,
          null,
          2,
          null,
          null,
          null,
          null,
          1,
          1,
          1,
          2,
          null,
          null,
          1,
          1,
          1,
          null,
          null,
          null,
          null
        ]
      },
      "/Users/nicopalenque/Desktop/RoR/training/wbooks-api/app/controllers/api/v1/book_suggestion_controller.rb": {
        "lines": [
          1,
          1,
          1,
          1,
          0,
          null,
          null,
          1,
          4,
          4,
          2,
          null,
          2,
          null,
          null,
          null,
          1,
          null,
          1,
          4,
          null,
          null,
          null,
          null,
          null,
          null,
          null,
          null,
          null,
          null,
          null,
          1,
          2,
          null,
          null,
          null,
          null
        ]
      },
      "/Users/nicopalenque/Desktop/RoR/training/wbooks-api/spec/controller/open_library_controller_spec.rb": {
        "lines": [
          1,
          1,
          null,
          1,
          1,
          1,
          6,
          null,
          1,
          1,
          null,
          1,
          null,
          4,
          1,
          1,
          null,
          1,
          1,
          null,
          null,
          null,
          1,
          1,
          null,
          1,
          null,
          4,
          1,
          1,
          null,
          1,
          1,
          null,
          null,
          null,
          null
        ]
      },
      "/Users/nicopalenque/Desktop/RoR/training/wbooks-api/app/controllers/api/v1/open_library_controller.rb": {
        "lines": [
          1,
          1,
          1,
          1,
          1,
          0,
          0,
          null,
          null,
          1,
          6,
          6,
          null,
          null,
          null,
          null
        ]
      },
      "/Users/nicopalenque/Desktop/RoR/training/wbooks-api/spec/models/book_spec.rb": {
        "lines": [
          1,
          null,
          1,
          11,
          null,
          1,
          2,
          2,
          2,
          2,
          2,
          2,
          null,
          1,
          2,
          2,
          2,
          null,
          1,
          1,
          1,
          1,
          1,
          null,
          null,
          null,
          null
        ]
      },
      "/Users/nicopalenque/Desktop/RoR/training/wbooks-api/app/models/book.rb": {
        "lines": [
          1,
          1,
          1,
          1,
          1,
          1,
          1,
          null,
          0,
          0,
          0,
          null,
          1,
          null,
          1,
          0,
          null,
          null
        ]
      },
      "/Users/nicopalenque/Desktop/RoR/training/wbooks-api/spec/models/book_suggestion_spec.rb": {
        "lines": [
          1,
          null,
          1,
          6,
          1,
          2,
          2,
          2,
          2,
          2,
          null,
          null
        ]
      },
      "/Users/nicopalenque/Desktop/RoR/training/wbooks-api/app/models/book_suggestion.rb": {
        "lines": [
          1,
          1,
          1,
          null
        ]
      },
      "/Users/nicopalenque/Desktop/RoR/training/wbooks-api/spec/services/open_library_service_spec.rb": {
        "lines": [
          1,
          null,
          1,
          3,
          1,
          1,
          1,
          2,
          1,
          1,
          1,
          1,
          null,
          null,
          null,
          null,
          1,
          1,
          1,
          2,
          1,
          1,
          1,
          1,
          null,
          null,
          null,
          null,
          null
        ]
      },
      "/Users/nicopalenque/Desktop/RoR/training/wbooks-api/app/controllers/api/v1/serializer/book_serializer.rb": {
        "lines": [
          1,
          1,
          1,
          1,
          1,
          1,
          1,
          null,
          13,
          null,
          null,
          null,
          1,
          13,
          null,
          null,
          null,
          null,
          null
        ]
      },
      "/Users/nicopalenque/Desktop/RoR/training/wbooks-api/app/models/rent.rb": {
        "lines": [
          1,
          1,
          1,
          1,
          null,
          1,
          null,
          1,
          null,
          1,
          0,
          null,
          null,
          null,
          null,
          null,
          1,
          null
        ]
      },
      "/Users/nicopalenque/Desktop/RoR/training/wbooks-api/app/services/open_library_service.rb": {
        "lines": [
          1,
          1,
          1,
          1,
          6,
          null,
          null,
          1,
          6,
          6,
          null,
          3,
          3,
          null,
          null,
          1,
          null,
          1,
          null,
          6,
          null,
          null,
          null,
          6,
          null,
          null,
          1,
          3,
          null,
          3,
          null,
          null,
          null,
          null,
          null,
          null,
          null,
          1,
          3,
          null,
          null,
          1,
          3,
          null,
          null
        ]
      }
    },
    "timestamp": 1626492759
  }
}
